<?xml version="1.0" encoding="UTF-8"?>
<!-- Generated by org.testng.reporters.JUnitXMLReporter -->
<testsuite ignored="0" hostname="LAPTOP-2GN2N30U" failures="0" tests="2" name="ChromeTest" time="1.994" errors="0" timestamp="2021-08-03T17:02:24 EDT">
  <testcase classname="com.myproject.testcases.IndexPageTest" name="@BeforeMethod setup" time="1.961">
    <failure type="java.lang.NumberFormatException" message="null">
      <![CDATA[java.lang.NumberFormatException: null
at java.base/java.lang.Integer.parseInt(Integer.java:614)
at java.base/java.lang.Integer.parseInt(Integer.java:770)
at com.myproject.base.BaseClass.launchApp(BaseClass.java:76)
at com.myproject.testcases.IndexPageTest.setup(IndexPageTest.java:20)
at java.base/java.util.ArrayList.forEach(ArrayList.java:1511)
at java.base/java.util.concurrent.FutureTask.run(FutureTask.java:264)
at java.base/java.util.concurrent.ThreadPoolExecutor.runWorker(ThreadPoolExecutor.java:1130)
at java.base/java.util.concurrent.ThreadPoolExecutor$Worker.run(ThreadPoolExecutor.java:630)
at java.base/java.lang.Thread.run(Thread.java:832)
... Removed 22 stack frames]]>
    </failure>
  </testcase> <!-- @BeforeMethod setup -->
  <testcase classname="com.myproject.testcases.IndexPageTest" name="@AfterMethod tearDown" time="-1.628024544715E9">
    <skipped/>
  </testcase> <!-- @AfterMethod tearDown -->
  <testcase classname="com.myproject.testcases.IndexPageTest" name="@BeforeMethod setup" time="-1.628024544716E9">
    <skipped/>
  </testcase> <!-- @BeforeMethod setup -->
  <testcase classname="com.myproject.testcases.IndexPageTest" name="@AfterMethod tearDown" time="-1.628024544719E9">
    <skipped/>
  </testcase> <!-- @AfterMethod tearDown -->
  <testcase classname="com.myproject.testcases.IndexPageTest" name="verfiyLogo" time="0.0">
    <skipped/>
  </testcase> <!-- verfiyLogo -->
  <testcase classname="com.myproject.testcases.IndexPageTest" name="verifyTitle" time="0.0">
    <skipped/>
  </testcase> <!-- verifyTitle -->
</testsuite> <!-- ChromeTest -->
